<?xml version="1.0" encoding="UTF-8"?>
<!-- Generated by org.testng.reporters.JUnitXMLReporter -->
<testsuite hostname="HMZ" ignored="0" name="Default test" tests="1" failures="1" timestamp="13 May 2019 14:41:34 GMT" time="0.491" errors="0">
  <testcase name="runScenario" time="0.231" classname="cucumber.api.testng.AbstractTestNGCucumberTests">
    <failure type="java.lang.NullPointerException">
      <![CDATA[java.lang.NullPointerException
at com.testautomation.listeners.ExtentReportListener.testStepHandle(ExtentReportListener.java:58)
at com.testautomation.StepDef.FlightSearchStepDef.open_browser_and_enter_url(FlightSearchStepDef.java:49)
at ✽.Open browser and enter url(./features/FlightSearch.feature:4)
]]>
    </failure>
  </testcase> <!-- runScenario -->
</testsuite> <!-- Default test -->
