<?xml version="1.0" encoding="UTF-8"?>
<!-- Generated by org.testng.reporters.JUnitReportReporter -->
<testsuite skipped="0" hostname="HMZ" name="com.testautomation.TestRunner.TestRunner" tests="1" failures="0" timestamp="20 May 2019 23:26:56 GMT" time="68.539" errors="1">
  <testcase name="runScenario" time="68.539" classname="com.testautomation.TestRunner.TestRunner">
    <error type="org.openqa.selenium.NoSuchSessionException" message="Session ID is null. Using WebDriver after calling quit()?
Build info: version: &#039;3.11.0&#039;, revision: &#039;e59cfb3&#039;, time: &#039;2018-03-11T20:26:55.152Z&#039;
System info: host: &#039;HMZ&#039;, ip: &#039;fe80:0:0:0:6f:d91d:de7c:4a4f%en0&#039;, os.name: &#039;Mac OS X&#039;, os.arch: &#039;x86_64&#039;, os.version: &#039;10.14.4&#039;, java.version: &#039;1.8.0_131&#039;
Driver info: driver.version: RemoteWebDriver">
      <![CDATA[org.openqa.selenium.NoSuchSessionException: Session ID is null. Using WebDriver after calling quit()?
Build info: version: '3.11.0', revision: 'e59cfb3', time: '2018-03-11T20:26:55.152Z'
System info: host: 'HMZ', ip: 'fe80:0:0:0:6f:d91d:de7c:4a4f%en0', os.name: 'Mac OS X', os.arch: 'x86_64', os.version: '10.14.4', java.version: '1.8.0_131'
Driver info: driver.version: RemoteWebDriver
at org.openqa.selenium.remote.HttpCommandExecutor.execute(HttpCommandExecutor.java:125)
at org.openqa.selenium.remote.service.DriverCommandExecutor.execute(DriverCommandExecutor.java:83)
at org.openqa.selenium.remote.RemoteWebDriver.execute(RemoteWebDriver.java:545)
at org.openqa.selenium.remote.RemoteWebDriver.execute(RemoteWebDriver.java:602)
at org.openqa.selenium.remote.RemoteWebDriver.getScreenshotAs(RemoteWebDriver.java:291)
at com.testautomation.utility.CommonFunctions.captureScreenShot(CommonFunctions.java:95)
at com.testautomation.listeners.ExtentReportListener.testStepHandle(ExtentReportListener.java:57)
at com.testautomation.StepDef.FlightSearchStepDef.enter_Details_of_First_Passenger(FlightSearchStepDef.java:262)
at ✽.Enter Details of First Passenger "Mr." "Hamza" "Sheikh" "Sohail" "Ms." "Sheikh" "Muhammad" "Ramdan" "myemail@hotmail.com" "80788865"(./features/FlightSearch.feature:17)
]]>
    </error>
  </testcase> <!-- runScenario -->
</testsuite> <!-- com.testautomation.TestRunner.TestRunner -->
