<?xml version="1.0" encoding="UTF-8"?>
<!-- Generated by org.testng.reporters.JUnitXMLReporter -->
<testsuite hostname="HMZ" ignored="0" name="Test" tests="1" failures="1" timestamp="20 May 2019 23:26:55 GMT" time="69.144" errors="0">
  <testcase name="runScenario" time="68.539" classname="cucumber.api.testng.AbstractTestNGCucumberTests">
    <failure type="org.openqa.selenium.NoSuchSessionException" message="Session ID is null. Using WebDriver after calling quit()?
Build info: version: &amp;apos;3.11.0&amp;apos;, revision: &amp;apos;e59cfb3&amp;apos;, time: &amp;apos;2018-03-11T20:26:55.152Z&amp;apos;
System info: host: &amp;apos;HMZ&amp;apos;, ip: &amp;apos;fe80:0:0:0:6f:d91d:de7c:4a4f%en0&amp;apos;, os.name: &amp;apos;Mac OS X&amp;apos;, os.arch: &amp;apos;x86_64&amp;apos;, os.version: &amp;apos;10.14.4&amp;apos;, java.version: &amp;apos;1.8.0_131&amp;apos;
Driver info: driver.version: RemoteWebDriver">
      <![CDATA[org.openqa.selenium.NoSuchSessionException: Session ID is null. Using WebDriver after calling quit()?
Build info: version: '3.11.0', revision: 'e59cfb3', time: '2018-03-11T20:26:55.152Z'
System info: host: 'HMZ', ip: 'fe80:0:0:0:6f:d91d:de7c:4a4f%en0', os.name: 'Mac OS X', os.arch: 'x86_64', os.version: '10.14.4', java.version: '1.8.0_131'
Driver info: driver.version: RemoteWebDriver
at org.openqa.selenium.remote.HttpCommandExecutor.execute(HttpCommandExecutor.java:125)
at org.openqa.selenium.remote.service.DriverCommandExecutor.execute(DriverCommandExecutor.java:83)
at org.openqa.selenium.remote.RemoteWebDriver.execute(RemoteWebDriver.java:545)
at org.openqa.selenium.remote.RemoteWebDriver.execute(RemoteWebDriver.java:602)
at org.openqa.selenium.remote.RemoteWebDriver.getScreenshotAs(RemoteWebDriver.java:291)
at com.testautomation.utility.CommonFunctions.captureScreenShot(CommonFunctions.java:95)
at com.testautomation.listeners.ExtentReportListener.testStepHandle(ExtentReportListener.java:57)
at com.testautomation.StepDef.FlightSearchStepDef.enter_Details_of_First_Passenger(FlightSearchStepDef.java:262)
at ✽.Enter Details of First Passenger "Mr." "Hamza" "Sheikh" "Sohail" "Ms." "Sheikh" "Muhammad" "Ramdan" "myemail@hotmail.com" "80788865"(./features/FlightSearch.feature:17)
]]>
    </failure>
  </testcase> <!-- runScenario -->
</testsuite> <!-- Test -->
